<testsuites id="" name="" tests="19" failures="0" skipped="0" errors="0" time="1.059173">
<testsuite name="admin.spec.ts" timestamp="2026-06-24T14:07:37.969Z" hostname="" tests="4" failures="0" skipped="0" time="0.108" errors="0">
<testcase name="Admin — 系统管理 › 用户管理 — 列表 + 分页 + 搜索" classname="admin.spec.ts" time="0.043">
<system-out>
<![CDATA[  ✅ 用户列表: total=6
]]>
</system-out>
</testcase>
<testcase name="Admin — 系统管理 › 用户管理 — 更新角色" classname="admin.spec.ts" time="0.02">
<system-out>
<![CDATA[  ✅ 角色更新成功
]]>
</system-out>
</testcase>
<testcase name="Admin — 系统管理 › 用户管理 — 切换激活状态" classname="admin.spec.ts" time="0.013">
<system-out>
<![CDATA[  ✅ 激活状态切换正常
]]>
</system-out>
</testcase>
<testcase name="Admin — 系统管理 › 审计日志 — 列表 + 过滤" classname="admin.spec.ts" time="0.032">
<system-out>
<![CDATA[  ✅ 审计日志: total=69
]]>
</system-out>
</testcase>
</testsuite>
<testsuite name="equipment.spec.ts" timestamp="2026-06-24T14:07:37.969Z" hostname="" tests="3" failures="0" skipped="0" time="0.1" errors="0">
<testcase name="Equipment Management — 设备管理 › CRUD — 创建 → 查询 → 更新 → 删除" classname="equipment.spec.ts" time="0.047">
<system-out>
<![CDATA[  ✅ 设备 CRUD 全流程通过
]]>
</system-out>
</testcase>
<testcase name="Equipment Management — 设备管理 › 维修流程 — 创建维修 → 完成维修" classname="equipment.spec.ts" time="0.046">
<system-out>
<![CDATA[  ✅ 设备维修流程通过
]]>
</system-out>
</testcase>
<testcase name="Equipment Management — 设备管理 › 统计 — 设备统计接口" classname="equipment.spec.ts" time="0.007">
<system-out>
<![CDATA[  ✅ 设备统计接口正常
]]>
</system-out>
</testcase>
</testsuite>
<testsuite name="report-lifecycle.spec.ts" timestamp="2026-06-24T14:07:37.969Z" hostname="" tests="6" failures="0" skipped="0" time="0.259" errors="0">
<testcase name="Report Lifecycle — 报告全流程 › 前置 — 准备委托数据" classname="report-lifecycle.spec.ts" time="0.159">
<system-out>
<![CDATA[  ✅ 委托已创建: REQ-2026-0019
  ✅ 委托已准备就绪，可开始出报告
]]>
</system-out>
</testcase>
<testcase name="Report Lifecycle — 报告全流程 › Step 1 — 创建报告 (DRAFT)" classname="report-lifecycle.spec.ts" time="0.014">
<system-out>
<![CDATA[  ✅ 报告已创建: 8fc557e382c590506498392b9f9b68ab
]]>
</system-out>
</testcase>
<testcase name="Report Lifecycle — 报告全流程 › Step 2 — 提交审批 (DRAFT → IN_REVIEW)" classname="report-lifecycle.spec.ts" time="0.009">
<system-out>
<![CDATA[  ✅ 报告已提交审批
]]>
</system-out>
</testcase>
<testcase name="Report Lifecycle — 报告全流程 › Step 3 — 批准报告 (IN_REVIEW → APPROVED)" classname="report-lifecycle.spec.ts" time="0.011">
<system-out>
<![CDATA[  ✅ 报告已批准
]]>
</system-out>
</testcase>
<testcase name="Report Lifecycle — 报告全流程 › Step 4 — 打回修订 (APPROVED → REVISING)" classname="report-lifecycle.spec.ts" time="0.037">
<system-out>
<![CDATA[  ✅ 报告已修订: V2.0
]]>
</system-out>
</testcase>
<testcase name="Report Lifecycle — 报告全流程 › 清理 — 完成委托" classname="report-lifecycle.spec.ts" time="0.029">
<system-out>
<![CDATA[  🧹 委托已完成，测试数据清理完毕
]]>
</system-out>
</testcase>
</testsuite>
<testsuite name="request-lifecycle.spec.ts" timestamp="2026-06-24T14:07:37.969Z" hostname="" tests="6" failures="0" skipped="0" time="0.193" errors="0">
<testcase name="Request Lifecycle — 委托全流程 › Step 1 — 创建委托 (DRAFT)" classname="request-lifecycle.spec.ts" time="0.024">
<system-out>
<![CDATA[  ✅ 委托已创建: REQ-2026-0020 (e7402dad9bf897683a9da3844eeab749)
]]>
</system-out>
</testcase>
<testcase name="Request Lifecycle — 委托全流程 › Step 2 — 提交委托 (DRAFT → SUBMITTED)" classname="request-lifecycle.spec.ts" time="0.025">
<system-out>
<![CDATA[  ✅ 委托已提交，工作流已启动: 0ed59a28-6fd6-11f1-a793-02b463133366
]]>
</system-out>
</testcase>
<testcase name="Request Lifecycle — 委托全流程 › Step 3 — 分配工程师 (SUBMITTED → ASSIGNED)" classname="request-lifecycle.spec.ts" time="0.03">
<system-out>
<![CDATA[  ✅ 已分配工程师，taskId=0f1916fa2392be6821aee48b11d6af35
]]>
</system-out>
</testcase>
<testcase name="Request Lifecycle — 委托全流程 › Step 4 — 接收样品 (ASSIGNED → SAMPLING)" classname="request-lifecycle.spec.ts" time="0.03">
<system-out>
<![CDATA[  ✅ 样品已接收
]]>
</system-out>
</testcase>
<testcase name="Request Lifecycle — 委托全流程 › Step 5 — 开始出报告 (SAMPLING → REPORTING)" classname="request-lifecycle.spec.ts" time="0.052">
<system-out>
<![CDATA[  ✅ 报告阶段已启动，当前状态: REPORTING
]]>
</system-out>
</testcase>
<testcase name="Request Lifecycle — 委托全流程 › Step 6 — 完成委托 (→ COMPLETED)" classname="request-lifecycle.spec.ts" time="0.032">
<system-out>
<![CDATA[  ✅ 委托已完成: REQ-2026-0020
]]>
</system-out>
</testcase>
</testsuite>
</testsuites>